Using pre-set license
Built from '6000.0/staging' branch; Version is '6000.0.32f1 (b2e806cf271c) revision 11724806'; Using compiler version '193933523'; Build Type 'Release'
OS: 'Windows 11  (10.0.22631) 64bit CoreSingleLanguage' Language: 'en' Physical Memory: 16147 MB
BatchMode: 1, IsHumanControllingUs: 0, StartBugReporterOnCrash: 0, Is64bit: 1, IsPro: 1

COMMAND LINE ARGUMENTS:
C:\Program Files\Unity\Hub\Editor\6000.0.32f1\Editor\Unity.exe
-adb2
-batchMode
-noUpm
-name
AssetImportWorker0
-projectPath
D:/Unity/Farming Game2D
-logFile
Logs/AssetImportWorker0.log
-srvPort
52727
-job-worker-count
7
-background-job-worker-count
8
-gc-helper-count
1
Successfully changed project path to: D:/Unity/Farming Game2D
D:/Unity/Farming Game2D
[UnityMemory] Configuration Parameters - Can be set up in boot.config
    "memorysetup-bucket-allocator-granularity=16"
    "memorysetup-bucket-allocator-bucket-count=8"
    "memorysetup-bucket-allocator-block-size=33554432"
    "memorysetup-bucket-allocator-block-count=8"
    "memorysetup-main-allocator-block-size=16777216"
    "memorysetup-thread-allocator-block-size=16777216"
    "memorysetup-gfx-main-allocator-block-size=16777216"
    "memorysetup-gfx-thread-allocator-block-size=16777216"
    "memorysetup-cache-allocator-block-size=4194304"
    "memorysetup-typetree-allocator-block-size=2097152"
    "memorysetup-profiler-bucket-allocator-granularity=16"
    "memorysetup-profiler-bucket-allocator-bucket-count=8"
    "memorysetup-profiler-bucket-allocator-block-size=33554432"
    "memorysetup-profiler-bucket-allocator-block-count=8"
    "memorysetup-profiler-allocator-block-size=16777216"
    "memorysetup-profiler-editor-allocator-block-size=1048576"
    "memorysetup-temp-allocator-size-main=16777216"
    "memorysetup-job-temp-allocator-block-size=2097152"
    "memorysetup-job-temp-allocator-block-size-background=1048576"
    "memorysetup-job-temp-allocator-reduction-small-platforms=262144"
    "memorysetup-allocator-temp-initial-block-size-main=262144"
    "memorysetup-allocator-temp-initial-block-size-worker=262144"
    "memorysetup-temp-allocator-size-background-worker=32768"
    "memorysetup-temp-allocator-size-job-worker=262144"
    "memorysetup-temp-allocator-size-preload-manager=33554432"
    "memorysetup-temp-allocator-size-nav-mesh-worker=65536"
    "memorysetup-temp-allocator-size-audio-worker=65536"
    "memorysetup-temp-allocator-size-cloud-worker=32768"
    "memorysetup-temp-allocator-size-gi-baking-worker=262144"
    "memorysetup-temp-allocator-size-gi-baking-worker=262144"
    "memorysetup-temp-allocator-size-gi-baking-worker=262144"
    "memorysetup-temp-allocator-size-gi-baking-worker=262144"
    "memorysetup-temp-allocator-size-gi-baking-worker=262144"
    "memorysetup-temp-allocator-size-gfx=262144"
Player connection [17692]  Target information:

Player connection [17692]  * "[IP] 192.168.52.1 [Port] 0 [Flags] 2 [Guid] 1245845708 [EditorId] 1245845708 [Version] 1048832 [Id] WindowsEditor(7,LAPTOP-FLTTGF5G) [Debug] 1 [PackageName] WindowsEditor [ProjectName] Editor" 

Player connection [17692]  * "[IP] 192.168.232.1 [Port] 0 [Flags] 2 [Guid] 1245845708 [EditorId] 1245845708 [Version] 1048832 [Id] WindowsEditor(7,LAPTOP-FLTTGF5G) [Debug] 1 [PackageName] WindowsEditor [ProjectName] Editor" 

Player connection [17692]  * "[IP] 192.168.56.1 [Port] 0 [Flags] 2 [Guid] 1245845708 [EditorId] 1245845708 [Version] 1048832 [Id] WindowsEditor(7,LAPTOP-FLTTGF5G) [Debug] 1 [PackageName] WindowsEditor [ProjectName] Editor" 

Player connection [17692]  * "[IP] 192.168.2.10 [Port] 0 [Flags] 2 [Guid] 1245845708 [EditorId] 1245845708 [Version] 1048832 [Id] WindowsEditor(7,LAPTOP-FLTTGF5G) [Debug] 1 [PackageName] WindowsEditor [ProjectName] Editor" 

Player connection [17692] Host joined multi-casting on [225.0.0.222:54997]...
Player connection [17692] Host joined alternative multi-casting on [225.0.0.222:34997]...
JobSystem: Creating JobQueue using job-worker-count value 7
[Physics::Module] Initialized fallback backend.
[Physics::Module] Id: 0xdecafbad
Library Redirect Path: Library/
[Physics::Module] Selected backend.
[Physics::Module] Name: PhysX
[Physics::Module] Id: 0xf2b8ea05
[Physics::Module] SDK Version: 4.1.2
[Physics::Module] Integration Version: 1.0.0
[Physics::Module] Threading Mode: Multi-Threaded
Refreshing native plugins compatible for Editor in 7.98 ms, found 4 plugins.
Preloading 0 native plugins for Editor in 0.00 ms.
Initialize engine version: 6000.0.32f1 (b2e806cf271c)
[Subsystems] Discovering subsystems at path C:/Program Files/Unity/Hub/Editor/6000.0.32f1/Editor/Data/Resources/UnitySubsystems
[Subsystems] Discovering subsystems at path D:/Unity/Farming Game2D/Assets
GfxDevice: creating device client; kGfxThreadingModeNonThreaded
Direct3D:
    Version:  Direct3D 11.0 [level 11.1]
    Renderer: NVIDIA GeForce RTX 3050 Ti Laptop GPU (ID=0x25a0)
    Vendor:   NVIDIA
    VRAM:     3962 MB
    Driver:   32.0.15.5599
Initialize mono
Mono path[0] = 'C:/Program Files/Unity/Hub/Editor/6000.0.32f1/Editor/Data/Managed'
Mono path[1] = 'C:/Program Files/Unity/Hub/Editor/6000.0.32f1/Editor/Data/MonoBleedingEdge/lib/mono/unityjit-win32'
Mono config path = 'C:/Program Files/Unity/Hub/Editor/6000.0.32f1/Editor/Data/MonoBleedingEdge/etc'
Using monoOptions --debugger-agent=transport=dt_socket,embedding=1,server=y,suspend=n,address=127.0.0.1:56748
Begin MonoManager ReloadAssembly
Registering precompiled unity dll's ...
Register platform support module: C:/Program Files/Unity/Hub/Editor/6000.0.32f1/Editor/Data/PlaybackEngines/WindowsStandaloneSupport/UnityEditor.WindowsStandalone.Extensions.dll
Registered in 0.002240 seconds.
- Loaded All Assemblies, in  0.480 seconds
Native extension for WindowsStandalone target not found
Mono: successfully reloaded assembly
- Finished resetting the current domain, in  0.382 seconds
Domain Reload Profiling: 860ms
	BeginReloadAssembly (188ms)
		ExecutionOrderSort (0ms)
		DisableScriptedObjects (0ms)
		BackupInstance (0ms)
		ReleaseScriptingObjects (0ms)
		CreateAndSetChildDomain (1ms)
	RebuildCommonClasses (40ms)
	RebuildNativeTypeToScriptingClass (11ms)
	initialDomainReloadingComplete (51ms)
	LoadAllAssembliesAndSetupDomain (187ms)
		LoadAssemblies (185ms)
		RebuildTransferFunctionScriptingTraits (0ms)
		AnalyzeDomain (184ms)
			TypeCache.Refresh (181ms)
				TypeCache.ScanAssembly (161ms)
			BuildScriptInfoCaches (0ms)
			ResolveRequiredComponents (1ms)
	FinalizeReload (382ms)
		ReleaseScriptCaches (0ms)
		RebuildScriptCaches (0ms)
		SetupLoadedEditorAssemblies (325ms)
			LogAssemblyErrors (0ms)
			InitializePlatformSupportModulesInManaged (31ms)
			SetLoadedEditorAssemblies (6ms)
			BeforeProcessingInitializeOnLoad (56ms)
			ProcessInitializeOnLoadAttributes (172ms)
			ProcessInitializeOnLoadMethodAttributes (60ms)
			AfterProcessingInitializeOnLoad (0ms)
			EditorAssembliesLoaded (0ms)
		ExecutionOrderSort2 (0ms)
		AwakeInstancesAfterBackupRestoration (0ms)
========================================================================
Worker process is ready to serve import requests
Import Worker Mode flag is 0x00
Begin MonoManager ReloadAssembly
- Loaded All Assemblies, in  0.985 seconds
Refreshing native plugins compatible for Editor in 0.92 ms, found 4 plugins.
Native extension for WindowsStandalone target not found
Mono: successfully reloaded assembly
- Finished resetting the current domain, in  1.068 seconds
Domain Reload Profiling: 2051ms
	BeginReloadAssembly (184ms)
		ExecutionOrderSort (0ms)
		DisableScriptedObjects (7ms)
		BackupInstance (0ms)
		ReleaseScriptingObjects (0ms)
		CreateAndSetChildDomain (36ms)
	RebuildCommonClasses (49ms)
	RebuildNativeTypeToScriptingClass (14ms)
	initialDomainReloadingComplete (41ms)
	LoadAllAssembliesAndSetupDomain (695ms)
		LoadAssemblies (454ms)
		RebuildTransferFunctionScriptingTraits (0ms)
		AnalyzeDomain (333ms)
			TypeCache.Refresh (236ms)
				TypeCache.ScanAssembly (205ms)
			BuildScriptInfoCaches (81ms)
			ResolveRequiredComponents (12ms)
	FinalizeReload (1068ms)
		ReleaseScriptCaches (0ms)
		RebuildScriptCaches (0ms)
		SetupLoadedEditorAssemblies (905ms)
			LogAssemblyErrors (0ms)
			InitializePlatformSupportModulesInManaged (2ms)
			SetLoadedEditorAssemblies (4ms)
			BeforeProcessingInitializeOnLoad (106ms)
			ProcessInitializeOnLoadAttributes (652ms)
			ProcessInitializeOnLoadMethodAttributes (136ms)
			AfterProcessingInitializeOnLoad (4ms)
			EditorAssembliesLoaded (1ms)
		ExecutionOrderSort2 (0ms)
		AwakeInstancesAfterBackupRestoration (7ms)
Launched and connected shader compiler UnityShaderCompiler.exe after 0.02 seconds
Refreshing native plugins compatible for Editor in 1.91 ms, found 4 plugins.
Preloading 0 native plugins for Editor in 0.00 ms.
Unloading 205 Unused Serialized files (Serialized files now loaded: 0)
Unloading 6525 unused Assets / (4.6 MB). Loaded Objects now: 7203.
Memory consumption went from 171.1 MB to 166.5 MB.
Total: 27.853800 ms (FindLiveObjects: 1.520900 ms CreateObjectMapping: 2.274700 ms MarkObjects: 17.693400 ms  DeleteObjects: 6.360400 ms)

========================================================================
Received Import Request.
  Time since last request: 51833.531698 seconds.
  path: Assets/UniversalRenderPipelineGlobalSettings.asset
  artifactKey: Guid(93b439a37f63240aca3dd4e01d978a9f) Importer(815301076,1909f56bfc062723c751e8b465ee728b)
Start importing Assets/UniversalRenderPipelineGlobalSettings.asset using Guid(93b439a37f63240aca3dd4e01d978a9f) Importer(815301076,1909f56bfc062723c751e8b465ee728b) (PreviewImporter) -> (artifact id: '4f0d5d03d74b77308212ec6793698abc') in 0.039811 seconds
Number of updated asset objects reloaded before import = 0Number of asset objects unloaded after import = 0

========================================================================
Received Import Request.
  Time since last request: 0.000034 seconds.
  path: Assets/DefaultVolumeProfile.asset
  artifactKey: Guid(3f9215ea0144899419cfbc0957140d3f) Importer(815301076,1909f56bfc062723c751e8b465ee728b)
Start importing Assets/DefaultVolumeProfile.asset using Guid(3f9215ea0144899419cfbc0957140d3f) Importer(815301076,1909f56bfc062723c751e8b465ee728b) (PreviewImporter) -> (artifact id: '1e3ee85287093c2e01e2184a29fd3edf') in 0.0057861 seconds
Number of updated asset objects reloaded before import = 0Number of asset objects unloaded after import = 0

========================================================================
Received Import Request.
  Time since last request: 28.329460 seconds.
  path: Assets/DefaultVolumeProfile.asset
  artifactKey: Guid(3f9215ea0144899419cfbc0957140d3f) Importer(2089858483,192608db42251d675da83286b1cce702)
Start importing Assets/DefaultVolumeProfile.asset using Guid(3f9215ea0144899419cfbc0957140d3f) Importer(2089858483,192608db42251d675da83286b1cce702) (ScriptedImporter) -> (artifact id: '7c334979bf973779a2487d147cf08f12') in 0.2219989 seconds
Number of updated asset objects reloaded before import = 0Number of asset objects unloaded after import = 0

========================================================================
Received Import Request.
  Time since last request: 0.000065 seconds.
  path: Assets/_Udemy Farming Assets - James Doyle/Audio/Music/BGM3.ogg
  artifactKey: Guid(d5e01af27811c2d409bcd5f7858588ce) Importer(2089858483,192608db42251d675da83286b1cce702)
Start importing Assets/_Udemy Farming Assets - James Doyle/Audio/Music/BGM3.ogg using Guid(d5e01af27811c2d409bcd5f7858588ce) Importer(2089858483,192608db42251d675da83286b1cce702) (ScriptedImporter) -> (artifact id: 'b198d315f77c9ac8159a3fdc018840b4') in 0.3216893 seconds
Number of updated asset objects reloaded before import = 0Number of asset objects unloaded after import = 1

========================================================================
Received Import Request.
  Time since last request: 0.000091 seconds.
  path: Assets/_Udemy Farming Assets - James Doyle/Art/Grid_Indicator.png
  artifactKey: Guid(4e9794053f8b48b4588b32c604a7e197) Importer(2089858483,192608db42251d675da83286b1cce702)
Start importing Assets/_Udemy Farming Assets - James Doyle/Art/Grid_Indicator.png using Guid(4e9794053f8b48b4588b32c604a7e197) Importer(2089858483,192608db42251d675da83286b1cce702) (ScriptedImporter) -> (artifact id: '914d244fe42b32177a39cf66dcb26761') in 0.0892585 seconds
Number of updated asset objects reloaded before import = 0Number of asset objects unloaded after import = 3

========================================================================
Received Import Request.
  Time since last request: 0.000025 seconds.
  path: Assets/Scenes/SampleScene.unity
  artifactKey: Guid(8c9cfa26abfee488c85f1582747f6a02) Importer(2089858483,192608db42251d675da83286b1cce702)
Start importing Assets/Scenes/SampleScene.unity using Guid(8c9cfa26abfee488c85f1582747f6a02) Importer(2089858483,192608db42251d675da83286b1cce702) (ScriptedImporter) -> (artifact id: 'ca277b2e106bc0088add1a294a757bbc') in 0.011531 seconds
Number of updated asset objects reloaded before import = 0Number of asset objects unloaded after import = 1

========================================================================
Received Import Request.
  Time since last request: 0.000018 seconds.
  path: Assets/Settings/Scenes/URP2DSceneTemplate.unity
  artifactKey: Guid(2cda990e2423bbf4892e6590ba056729) Importer(2089858483,192608db42251d675da83286b1cce702)
Start importing Assets/Settings/Scenes/URP2DSceneTemplate.unity using Guid(2cda990e2423bbf4892e6590ba056729) Importer(2089858483,192608db42251d675da83286b1cce702) (ScriptedImporter) -> (artifact id: '5b3d8c8abc30a3a2f6c8b01d56f17add') in 0.017022 seconds
Number of updated asset objects reloaded before import = 0Number of asset objects unloaded after import = 1

========================================================================
Received Import Request.
  Time since last request: 0.000068 seconds.
  path: Assets/_Udemy Farming Assets - James Doyle/Audio/Music/BGM1.ogg
  artifactKey: Guid(55a9a719f388e2b4f81d3f3daf3a348b) Importer(2089858483,192608db42251d675da83286b1cce702)
Start importing Assets/_Udemy Farming Assets - James Doyle/Audio/Music/BGM1.ogg using Guid(55a9a719f388e2b4f81d3f3daf3a348b) Importer(2089858483,192608db42251d675da83286b1cce702) (ScriptedImporter) -> (artifact id: '675352263d14756081ff19717d09e1a7') in 0.2603858 seconds
Number of updated asset objects reloaded before import = 0Number of asset objects unloaded after import = 1

========================================================================
Received Import Request.
  Time since last request: 0.000029 seconds.
  path: Assets/_Udemy Farming Assets - James Doyle/Art/Tiny Wonder Farm/Tilemaps/summer farm tilemap.png
  artifactKey: Guid(723b26336f34f0a42830f481a0e04709) Importer(2089858483,192608db42251d675da83286b1cce702)
Start importing Assets/_Udemy Farming Assets - James Doyle/Art/Tiny Wonder Farm/Tilemaps/summer farm tilemap.png using Guid(723b26336f34f0a42830f481a0e04709) Importer(2089858483,192608db42251d675da83286b1cce702) (ScriptedImporter) -> (artifact id: '22031340427f0cd5ecff750b50676bce') in 0.2701336 seconds
Number of updated asset objects reloaded before import = 0Number of asset objects unloaded after import = 162

========================================================================
Received Import Request.
  Time since last request: 0.000042 seconds.
  path: Assets/Settings/Lit2DSceneTemplate.scenetemplate
  artifactKey: Guid(d03ed43fc9d8a4f2e9fa70c1c7916eb9) Importer(2089858483,192608db42251d675da83286b1cce702)
Start importing Assets/Settings/Lit2DSceneTemplate.scenetemplate using Guid(d03ed43fc9d8a4f2e9fa70c1c7916eb9) Importer(2089858483,192608db42251d675da83286b1cce702) (ScriptedImporter) -> (artifact id: '8cd74fa50502b8ac8406081c74a2cc9f') in 0.0608994 seconds
Number of updated asset objects reloaded before import = 0Number of asset objects unloaded after import = 4

========================================================================
Received Import Request.
  Time since last request: 0.000022 seconds.
  path: Assets/_Udemy Farming Assets - James Doyle/Audio/SFX/Wake Up.ogg
  artifactKey: Guid(419cba7b7b54ce742af3e52a8dc8ffc6) Importer(2089858483,192608db42251d675da83286b1cce702)
Start importing Assets/_Udemy Farming Assets - James Doyle/Audio/SFX/Wake Up.ogg using Guid(419cba7b7b54ce742af3e52a8dc8ffc6) Importer(2089858483,192608db42251d675da83286b1cce702) (ScriptedImporter) -> (artifact id: '4aaeffb508ba9877c27aa8b08ade20ef') in 0.0437827 seconds
Number of updated asset objects reloaded before import = 0Number of asset objects unloaded after import = 1

========================================================================
Received Import Request.
  Time since last request: 0.000046 seconds.
  path: Assets/_Udemy Farming Assets - James Doyle/Audio/SFX/Water.ogg
  artifactKey: Guid(32419e1ec5b7b0f47939ff6b71620cd7) Importer(2089858483,192608db42251d675da83286b1cce702)
Start importing Assets/_Udemy Farming Assets - James Doyle/Audio/SFX/Water.ogg using Guid(32419e1ec5b7b0f47939ff6b71620cd7) Importer(2089858483,192608db42251d675da83286b1cce702) (ScriptedImporter) -> (artifact id: 'ff6d085f4281ae351adf6ae135ce01f8') in 0.0455768 seconds
Number of updated asset objects reloaded before import = 0Number of asset objects unloaded after import = 1

========================================================================
Received Import Request.
  Time since last request: 0.000059 seconds.
  path: Assets/_Udemy Farming Assets - James Doyle/Audio/SFX/Pickup Crop.ogg
  artifactKey: Guid(e71725ecb37634a40b51b587594061ac) Importer(2089858483,192608db42251d675da83286b1cce702)
Start importing Assets/_Udemy Farming Assets - James Doyle/Audio/SFX/Pickup Crop.ogg using Guid(e71725ecb37634a40b51b587594061ac) Importer(2089858483,192608db42251d675da83286b1cce702) (ScriptedImporter) -> (artifact id: 'c411c551e2e94e64ab3e25c6cf32c55c') in 0.0494218 seconds
Number of updated asset objects reloaded before import = 0Number of asset objects unloaded after import = 1

========================================================================
Received Import Request.
  Time since last request: 0.000055 seconds.
  path: Assets/_Udemy Farming Assets - James Doyle/Art/Tiny Wonder Farm/Character/farming animations.png
  artifactKey: Guid(6d74ed92001434a43a87916088e78877) Importer(2089858483,192608db42251d675da83286b1cce702)
Start importing Assets/_Udemy Farming Assets - James Doyle/Art/Tiny Wonder Farm/Character/farming animations.png using Guid(6d74ed92001434a43a87916088e78877) Importer(2089858483,192608db42251d675da83286b1cce702) (ScriptedImporter) -> (artifact id: '8c8153bc6aac8f0a4d2122e489b8b8a7') in 0.0390813 seconds
Number of updated asset objects reloaded before import = 0Number of asset objects unloaded after import = 14

========================================================================
Received Import Request.
  Time since last request: 0.000018 seconds.
  path: Assets/_Udemy Farming Assets - James Doyle/Art/Tiny Wonder Farm/Character/walk and idle.png
  artifactKey: Guid(c258d14167bb4f942b59dcbaf2a9bcea) Importer(2089858483,192608db42251d675da83286b1cce702)
Start importing Assets/_Udemy Farming Assets - James Doyle/Art/Tiny Wonder Farm/Character/walk and idle.png using Guid(c258d14167bb4f942b59dcbaf2a9bcea) Importer(2089858483,192608db42251d675da83286b1cce702) (ScriptedImporter) -> (artifact id: '6552b6b74826e40a5907cd474ca9add2') in 0.0455351 seconds
Number of updated asset objects reloaded before import = 0Number of asset objects unloaded after import = 22

========================================================================
Received Import Request.
  Time since last request: 0.000026 seconds.
  path: Assets/_Udemy Farming Assets - James Doyle/Art/Tiny Wonder Farm/Tilemaps/farm inside.png
  artifactKey: Guid(fa63d497747bca54791a04b614873014) Importer(2089858483,192608db42251d675da83286b1cce702)
Start importing Assets/_Udemy Farming Assets - James Doyle/Art/Tiny Wonder Farm/Tilemaps/farm inside.png using Guid(fa63d497747bca54791a04b614873014) Importer(2089858483,192608db42251d675da83286b1cce702) (ScriptedImporter) -> (artifact id: '760d971dd118cfcfb1d1b57c047d3ae2') in 0.0731621 seconds
Number of updated asset objects reloaded before import = 0Number of asset objects unloaded after import = 49

========================================================================
Received Import Request.
  Time since last request: 0.000023 seconds.
  path: Assets/_Udemy Farming Assets - James Doyle/Audio/SFX/Day End.ogg
  artifactKey: Guid(8f53e6abd3b2b0e46ad0eb6ab2d72799) Importer(2089858483,192608db42251d675da83286b1cce702)
Start importing Assets/_Udemy Farming Assets - James Doyle/Audio/SFX/Day End.ogg using Guid(8f53e6abd3b2b0e46ad0eb6ab2d72799) Importer(2089858483,192608db42251d675da83286b1cce702) (ScriptedImporter) -> (artifact id: '146bbeb3c28747f6e90b95ce5c214303') in 0.0572205 seconds
Number of updated asset objects reloaded before import = 0Number of asset objects unloaded after import = 1

========================================================================
Received Import Request.
  Time since last request: 0.000050 seconds.
  path: Assets/_Udemy Farming Assets - James Doyle/Art/Tiny Wonder Farm/Tilemaps/Farm Sprite Atlas.spriteatlasv2
  artifactKey: Guid(84a6308bc0086ad48a3011aad9eead00) Importer(2089858483,192608db42251d675da83286b1cce702)
Start importing Assets/_Udemy Farming Assets - James Doyle/Art/Tiny Wonder Farm/Tilemaps/Farm Sprite Atlas.spriteatlasv2 using Guid(84a6308bc0086ad48a3011aad9eead00) Importer(2089858483,192608db42251d675da83286b1cce702) (ScriptedImporter) -> (artifact id: '86ed8720f20558143ad24cd812e29e0b') in 0.0138219 seconds
Number of updated asset objects reloaded before import = 0Number of asset objects unloaded after import = 2

========================================================================
Received Import Request.
  Time since last request: 0.000022 seconds.
  path: Assets/_Udemy Farming Assets - James Doyle/Art/Tool_Indicator.png
  artifactKey: Guid(8aee02ada0ac170459ee9502ee662dcd) Importer(2089858483,192608db42251d675da83286b1cce702)
Start importing Assets/_Udemy Farming Assets - James Doyle/Art/Tool_Indicator.png using Guid(8aee02ada0ac170459ee9502ee662dcd) Importer(2089858483,192608db42251d675da83286b1cce702) (ScriptedImporter) -> (artifact id: '84d270b2df2ae476d7bd3c59f2536660') in 0.0172857 seconds
Number of updated asset objects reloaded before import = 0Number of asset objects unloaded after import = 3

========================================================================
Received Import Request.
  Time since last request: 0.000039 seconds.
  path: Assets/_Udemy Farming Assets - James Doyle/Audio/Music/BGM2.ogg
  artifactKey: Guid(35f358b4d92a75c4b9af035c27656477) Importer(2089858483,192608db42251d675da83286b1cce702)
Start importing Assets/_Udemy Farming Assets - James Doyle/Audio/Music/BGM2.ogg using Guid(35f358b4d92a75c4b9af035c27656477) Importer(2089858483,192608db42251d675da83286b1cce702) (ScriptedImporter) -> (artifact id: '1a4ef272c2e2390b4f3daaa688ab4028') in 0.2155633 seconds
Number of updated asset objects reloaded before import = 0Number of asset objects unloaded after import = 1

