Using pre-set license
Built from '6000.0/staging' branch; Version is '6000.0.32f1 (b2e806cf271c) revision 11724806'; Using compiler version '193933523'; Build Type 'Release'
OS: 'Windows 11  (10.0.22631) 64bit CoreSingleLanguage' Language: 'en' Physical Memory: 16147 MB
BatchMode: 1, IsHumanControllingUs: 0, StartBugReporterOnCrash: 0, Is64bit: 1, IsPro: 1

COMMAND LINE ARGUMENTS:
C:\Program Files\Unity\Hub\Editor\6000.0.32f1\Editor\Unity.exe
-adb2
-batchMode
-noUpm
-name
AssetImportWorker1
-projectPath
D:/Unity/Farming Game2D
-logFile
Logs/AssetImportWorker1.log
-srvPort
52727
-job-worker-count
7
-background-job-worker-count
8
-gc-helper-count
1
Successfully changed project path to: D:/Unity/Farming Game2D
D:/Unity/Farming Game2D
[UnityMemory] Configuration Parameters - Can be set up in boot.config
    "memorysetup-bucket-allocator-granularity=16"
    "memorysetup-bucket-allocator-bucket-count=8"
    "memorysetup-bucket-allocator-block-size=33554432"
    "memorysetup-bucket-allocator-block-count=8"
    "memorysetup-main-allocator-block-size=16777216"
    "memorysetup-thread-allocator-block-size=16777216"
    "memorysetup-gfx-main-allocator-block-size=16777216"
    "memorysetup-gfx-thread-allocator-block-size=16777216"
    "memorysetup-cache-allocator-block-size=4194304"
    "memorysetup-typetree-allocator-block-size=2097152"
    "memorysetup-profiler-bucket-allocator-granularity=16"
    "memorysetup-profiler-bucket-allocator-bucket-count=8"
    "memorysetup-profiler-bucket-allocator-block-size=33554432"
    "memorysetup-profiler-bucket-allocator-block-count=8"
    "memorysetup-profiler-allocator-block-size=16777216"
    "memorysetup-profiler-editor-allocator-block-size=1048576"
    "memorysetup-temp-allocator-size-main=16777216"
    "memorysetup-job-temp-allocator-block-size=2097152"
    "memorysetup-job-temp-allocator-block-size-background=1048576"
    "memorysetup-job-temp-allocator-reduction-small-platforms=262144"
    "memorysetup-allocator-temp-initial-block-size-main=262144"
    "memorysetup-allocator-temp-initial-block-size-worker=262144"
    "memorysetup-temp-allocator-size-background-worker=32768"
    "memorysetup-temp-allocator-size-job-worker=262144"
    "memorysetup-temp-allocator-size-preload-manager=33554432"
    "memorysetup-temp-allocator-size-nav-mesh-worker=65536"
    "memorysetup-temp-allocator-size-audio-worker=65536"
    "memorysetup-temp-allocator-size-cloud-worker=32768"
    "memorysetup-temp-allocator-size-gi-baking-worker=262144"
    "memorysetup-temp-allocator-size-gi-baking-worker=262144"
    "memorysetup-temp-allocator-size-gi-baking-worker=262144"
    "memorysetup-temp-allocator-size-gi-baking-worker=262144"
    "memorysetup-temp-allocator-size-gi-baking-worker=262144"
    "memorysetup-temp-allocator-size-gfx=262144"
Player connection [7068]  Target information:

Player connection [7068]  * "[IP] 192.168.52.1 [Port] 0 [Flags] 2 [Guid] 841046824 [EditorId] 841046824 [Version] 1048832 [Id] WindowsEditor(7,LAPTOP-FLTTGF5G) [Debug] 1 [PackageName] WindowsEditor [ProjectName] Editor" 

Player connection [7068]  * "[IP] 192.168.232.1 [Port] 0 [Flags] 2 [Guid] 841046824 [EditorId] 841046824 [Version] 1048832 [Id] WindowsEditor(7,LAPTOP-FLTTGF5G) [Debug] 1 [PackageName] WindowsEditor [ProjectName] Editor" 

Player connection [7068]  * "[IP] 192.168.56.1 [Port] 0 [Flags] 2 [Guid] 841046824 [EditorId] 841046824 [Version] 1048832 [Id] WindowsEditor(7,LAPTOP-FLTTGF5G) [Debug] 1 [PackageName] WindowsEditor [ProjectName] Editor" 

Player connection [7068]  * "[IP] 192.168.2.10 [Port] 0 [Flags] 2 [Guid] 841046824 [EditorId] 841046824 [Version] 1048832 [Id] WindowsEditor(7,LAPTOP-FLTTGF5G) [Debug] 1 [PackageName] WindowsEditor [ProjectName] Editor" 

Player connection [7068] Host joined multi-casting on [225.0.0.222:54997]...
Player connection [7068] Host joined alternative multi-casting on [225.0.0.222:34997]...
JobSystem: Creating JobQueue using job-worker-count value 7
[Physics::Module] Initialized fallback backend.
[Physics::Module] Id: 0xdecafbad
Library Redirect Path: Library/
[Physics::Module] Selected backend.
[Physics::Module] Name: PhysX
[Physics::Module] Id: 0xf2b8ea05
[Physics::Module] SDK Version: 4.1.2
[Physics::Module] Integration Version: 1.0.0
[Physics::Module] Threading Mode: Multi-Threaded
Refreshing native plugins compatible for Editor in 7.98 ms, found 4 plugins.
Preloading 0 native plugins for Editor in 0.00 ms.
Initialize engine version: 6000.0.32f1 (b2e806cf271c)
[Subsystems] Discovering subsystems at path C:/Program Files/Unity/Hub/Editor/6000.0.32f1/Editor/Data/Resources/UnitySubsystems
[Subsystems] Discovering subsystems at path D:/Unity/Farming Game2D/Assets
GfxDevice: creating device client; kGfxThreadingModeNonThreaded
Direct3D:
    Version:  Direct3D 11.0 [level 11.1]
    Renderer: NVIDIA GeForce RTX 3050 Ti Laptop GPU (ID=0x25a0)
    Vendor:   NVIDIA
    VRAM:     3962 MB
    Driver:   32.0.15.5599
Initialize mono
Mono path[0] = 'C:/Program Files/Unity/Hub/Editor/6000.0.32f1/Editor/Data/Managed'
Mono path[1] = 'C:/Program Files/Unity/Hub/Editor/6000.0.32f1/Editor/Data/MonoBleedingEdge/lib/mono/unityjit-win32'
Mono config path = 'C:/Program Files/Unity/Hub/Editor/6000.0.32f1/Editor/Data/MonoBleedingEdge/etc'
Using monoOptions --debugger-agent=transport=dt_socket,embedding=1,server=y,suspend=n,address=127.0.0.1:56272
Begin MonoManager ReloadAssembly
Registering precompiled unity dll's ...
Register platform support module: C:/Program Files/Unity/Hub/Editor/6000.0.32f1/Editor/Data/PlaybackEngines/WindowsStandaloneSupport/UnityEditor.WindowsStandalone.Extensions.dll
Registered in 0.003275 seconds.
- Loaded All Assemblies, in  0.479 seconds
Native extension for WindowsStandalone target not found
Mono: successfully reloaded assembly
- Finished resetting the current domain, in  0.374 seconds
Domain Reload Profiling: 852ms
	BeginReloadAssembly (190ms)
		ExecutionOrderSort (0ms)
		DisableScriptedObjects (0ms)
		BackupInstance (0ms)
		ReleaseScriptingObjects (0ms)
		CreateAndSetChildDomain (1ms)
	RebuildCommonClasses (40ms)
	RebuildNativeTypeToScriptingClass (12ms)
	initialDomainReloadingComplete (46ms)
	LoadAllAssembliesAndSetupDomain (190ms)
		LoadAssemblies (188ms)
		RebuildTransferFunctionScriptingTraits (0ms)
		AnalyzeDomain (187ms)
			TypeCache.Refresh (186ms)
				TypeCache.ScanAssembly (170ms)
			BuildScriptInfoCaches (0ms)
			ResolveRequiredComponents (1ms)
	FinalizeReload (375ms)
		ReleaseScriptCaches (0ms)
		RebuildScriptCaches (0ms)
		SetupLoadedEditorAssemblies (322ms)
			LogAssemblyErrors (0ms)
			InitializePlatformSupportModulesInManaged (33ms)
			SetLoadedEditorAssemblies (5ms)
			BeforeProcessingInitializeOnLoad (57ms)
			ProcessInitializeOnLoadAttributes (164ms)
			ProcessInitializeOnLoadMethodAttributes (63ms)
			AfterProcessingInitializeOnLoad (0ms)
			EditorAssembliesLoaded (0ms)
		ExecutionOrderSort2 (0ms)
		AwakeInstancesAfterBackupRestoration (0ms)
========================================================================
Worker process is ready to serve import requests
Import Worker Mode flag is 0x00
Begin MonoManager ReloadAssembly
- Loaded All Assemblies, in  0.984 seconds
Refreshing native plugins compatible for Editor in 0.83 ms, found 4 plugins.
Native extension for WindowsStandalone target not found
Mono: successfully reloaded assembly
- Finished resetting the current domain, in  1.065 seconds
Domain Reload Profiling: 2048ms
	BeginReloadAssembly (168ms)
		ExecutionOrderSort (0ms)
		DisableScriptedObjects (6ms)
		BackupInstance (0ms)
		ReleaseScriptingObjects (0ms)
		CreateAndSetChildDomain (31ms)
	RebuildCommonClasses (46ms)
	RebuildNativeTypeToScriptingClass (14ms)
	initialDomainReloadingComplete (49ms)
	LoadAllAssembliesAndSetupDomain (706ms)
		LoadAssemblies (470ms)
		RebuildTransferFunctionScriptingTraits (0ms)
		AnalyzeDomain (331ms)
			TypeCache.Refresh (237ms)
				TypeCache.ScanAssembly (208ms)
			BuildScriptInfoCaches (79ms)
			ResolveRequiredComponents (11ms)
	FinalizeReload (1066ms)
		ReleaseScriptCaches (0ms)
		RebuildScriptCaches (0ms)
		SetupLoadedEditorAssemblies (908ms)
			LogAssemblyErrors (0ms)
			InitializePlatformSupportModulesInManaged (2ms)
			SetLoadedEditorAssemblies (4ms)
			BeforeProcessingInitializeOnLoad (108ms)
			ProcessInitializeOnLoadAttributes (655ms)
			ProcessInitializeOnLoadMethodAttributes (135ms)
			AfterProcessingInitializeOnLoad (4ms)
			EditorAssembliesLoaded (0ms)
		ExecutionOrderSort2 (0ms)
		AwakeInstancesAfterBackupRestoration (7ms)
Launched and connected shader compiler UnityShaderCompiler.exe after 0.02 seconds
Refreshing native plugins compatible for Editor in 1.86 ms, found 4 plugins.
Preloading 0 native plugins for Editor in 0.00 ms.
Unloading 205 Unused Serialized files (Serialized files now loaded: 0)
Unloading 6525 unused Assets / (4.8 MB). Loaded Objects now: 7203.
Memory consumption went from 173.0 MB to 168.3 MB.
Total: 30.666100 ms (FindLiveObjects: 3.454500 ms CreateObjectMapping: 2.336800 ms MarkObjects: 15.177900 ms  DeleteObjects: 9.691300 ms)

========================================================================
Received Import Request.
  Time since last request: 51833.519289 seconds.
  path: Assets/InputSystem_Actions.inputactions
  artifactKey: Guid(2bcd2660ca9b64942af0de543d8d7100) Importer(815301076,1909f56bfc062723c751e8b465ee728b)
Start importing Assets/InputSystem_Actions.inputactions using Guid(2bcd2660ca9b64942af0de543d8d7100) Importer(815301076,1909f56bfc062723c751e8b465ee728b) (PreviewImporter) -> (artifact id: '1526cf67c1d1aaa9a72597cdbc7bb0b0') in 0.0560833 seconds
Number of updated asset objects reloaded before import = 0Number of asset objects unloaded after import = 19

========================================================================
Received Import Request.
  Time since last request: 28.381016 seconds.
  path: Assets/InputSystem_Actions.inputactions
  artifactKey: Guid(2bcd2660ca9b64942af0de543d8d7100) Importer(2089858483,192608db42251d675da83286b1cce702)
Start importing Assets/InputSystem_Actions.inputactions using Guid(2bcd2660ca9b64942af0de543d8d7100) Importer(2089858483,192608db42251d675da83286b1cce702) (ScriptedImporter) -> (artifact id: '3738b40b2dd4301c16942e63050ca16c') in 0.4084149 seconds
Number of updated asset objects reloaded before import = 0Number of asset objects unloaded after import = 21

========================================================================
Received Import Request.
  Time since last request: 0.000039 seconds.
  path: Assets/Settings/Renderer2D.asset
  artifactKey: Guid(424799608f7334c24bf367e4bbfa7f9a) Importer(2089858483,192608db42251d675da83286b1cce702)
Start importing Assets/Settings/Renderer2D.asset using Guid(424799608f7334c24bf367e4bbfa7f9a) Importer(2089858483,192608db42251d675da83286b1cce702) (ScriptedImporter) -> (artifact id: 'b99042fffd660ffda4eaf6ebf70bc399') in 0.0432819 seconds
Number of updated asset objects reloaded before import = 0Number of asset objects unloaded after import = 1

========================================================================
Received Import Request.
  Time since last request: 0.000204 seconds.
  path: Assets/_Udemy Farming Assets - James Doyle/Art/Tiny Wonder Farm/Objects & Items/furniture.png
  artifactKey: Guid(ed52bd4f612cf114384d330c94b78f81) Importer(2089858483,192608db42251d675da83286b1cce702)
Start importing Assets/_Udemy Farming Assets - James Doyle/Art/Tiny Wonder Farm/Objects & Items/furniture.png using Guid(ed52bd4f612cf114384d330c94b78f81) Importer(2089858483,192608db42251d675da83286b1cce702) (ScriptedImporter) -> (artifact id: '2d9a287275f3d2be173275ea8bd43983') in 0.1221773 seconds
Number of updated asset objects reloaded before import = 0Number of asset objects unloaded after import = 34

========================================================================
Received Import Request.
  Time since last request: 0.000026 seconds.
  path: Assets/_Udemy Farming Assets - James Doyle/Art/Tiny Wonder Farm/Objects & Items/plants.png
  artifactKey: Guid(b6442a289c143044196d4aeda5e7ba25) Importer(2089858483,192608db42251d675da83286b1cce702)
Start importing Assets/_Udemy Farming Assets - James Doyle/Art/Tiny Wonder Farm/Objects & Items/plants.png using Guid(b6442a289c143044196d4aeda5e7ba25) Importer(2089858483,192608db42251d675da83286b1cce702) (ScriptedImporter) -> (artifact id: '8ddb93b8c78dc8b77ab9bb67b6340b4d') in 0.0984959 seconds
Number of updated asset objects reloaded before import = 0Number of asset objects unloaded after import = 63

========================================================================
Received Import Request.
  Time since last request: 0.000032 seconds.
  path: Assets/_Udemy Farming Assets - James Doyle/Font/Pixelnauts.ttf
  artifactKey: Guid(7c6edcd7089d07743abe72f8d9ec9ca4) Importer(2089858483,192608db42251d675da83286b1cce702)
Start importing Assets/_Udemy Farming Assets - James Doyle/Font/Pixelnauts.ttf using Guid(7c6edcd7089d07743abe72f8d9ec9ca4) Importer(2089858483,192608db42251d675da83286b1cce702) (ScriptedImporter) -> (artifact id: '1340ea4a36a0981b58fbec89b8938582') in 0.0470562 seconds
Number of updated asset objects reloaded before import = 0Number of asset objects unloaded after import = 3

========================================================================
Received Import Request.
  Time since last request: 0.000037 seconds.
  path: Assets/UniversalRenderPipelineGlobalSettings.asset
  artifactKey: Guid(93b439a37f63240aca3dd4e01d978a9f) Importer(2089858483,192608db42251d675da83286b1cce702)
Start importing Assets/UniversalRenderPipelineGlobalSettings.asset using Guid(93b439a37f63240aca3dd4e01d978a9f) Importer(2089858483,192608db42251d675da83286b1cce702) (ScriptedImporter) -> (artifact id: '8a57c8846c378cc8c8a1cbd66e6b6928') in 0.0732187 seconds
Number of updated asset objects reloaded before import = 0Number of asset objects unloaded after import = 0

========================================================================
Received Import Request.
  Time since last request: 0.000020 seconds.
  path: Assets/_Udemy Farming Assets - James Doyle/Audio/SFX/UI Select.ogg
  artifactKey: Guid(70f38980708b3d14eb28bbcc48837d4f) Importer(2089858483,192608db42251d675da83286b1cce702)
Start importing Assets/_Udemy Farming Assets - James Doyle/Audio/SFX/UI Select.ogg using Guid(70f38980708b3d14eb28bbcc48837d4f) Importer(2089858483,192608db42251d675da83286b1cce702) (ScriptedImporter) -> (artifact id: 'c22e397991dfb604eaf2a5c1c92acf42') in 0.0487928 seconds
Number of updated asset objects reloaded before import = 0Number of asset objects unloaded after import = 1

========================================================================
Received Import Request.
  Time since last request: 0.000029 seconds.
  path: Assets/_Udemy Farming Assets - James Doyle/Audio/SFX/Plant.ogg
  artifactKey: Guid(2b7c0bc1bb38eee47aee396a86d71c7e) Importer(2089858483,192608db42251d675da83286b1cce702)
Start importing Assets/_Udemy Farming Assets - James Doyle/Audio/SFX/Plant.ogg using Guid(2b7c0bc1bb38eee47aee396a86d71c7e) Importer(2089858483,192608db42251d675da83286b1cce702) (ScriptedImporter) -> (artifact id: '3d271d024cb428a24b2920c6a209b849') in 0.0443458 seconds
Number of updated asset objects reloaded before import = 0Number of asset objects unloaded after import = 1

========================================================================
Received Import Request.
  Time since last request: 0.000027 seconds.
  path: Assets/_Udemy Farming Assets - James Doyle/Art/Tiny Wonder Farm/Objects & Items/items.png
  artifactKey: Guid(688a17423db43294093ccb5c6916461b) Importer(2089858483,192608db42251d675da83286b1cce702)
Start importing Assets/_Udemy Farming Assets - James Doyle/Art/Tiny Wonder Farm/Objects & Items/items.png using Guid(688a17423db43294093ccb5c6916461b) Importer(2089858483,192608db42251d675da83286b1cce702) (ScriptedImporter) -> (artifact id: '0feea95c31cf10ce7c0cd268e0584380') in 0.0770126 seconds
Number of updated asset objects reloaded before import = 0Number of asset objects unloaded after import = 49

========================================================================
Received Import Request.
  Time since last request: 0.000040 seconds.
  path: Assets/_Udemy Farming Assets - James Doyle/Art/Tiny Wonder Farm/Objects & Items/spring and summer objects.png
  artifactKey: Guid(da12e08b4d70d584b9df54e142554f50) Importer(2089858483,192608db42251d675da83286b1cce702)
Start importing Assets/_Udemy Farming Assets - James Doyle/Art/Tiny Wonder Farm/Objects & Items/spring and summer objects.png using Guid(da12e08b4d70d584b9df54e142554f50) Importer(2089858483,192608db42251d675da83286b1cce702) (ScriptedImporter) -> (artifact id: 'ab5f396587d6e2b841c8064eb5fee722') in 0.246028 seconds
Number of updated asset objects reloaded before import = 0Number of asset objects unloaded after import = 147

========================================================================
Received Import Request.
  Time since last request: 0.000021 seconds.
  path: Assets/_Udemy Farming Assets - James Doyle/Art/Ploughed Soil.png
  artifactKey: Guid(290be3330cf84bc4d93460bae4e8d47f) Importer(2089858483,192608db42251d675da83286b1cce702)
Start importing Assets/_Udemy Farming Assets - James Doyle/Art/Ploughed Soil.png using Guid(290be3330cf84bc4d93460bae4e8d47f) Importer(2089858483,192608db42251d675da83286b1cce702) (ScriptedImporter) -> (artifact id: '75575ebcbf8ae6b2a7d65cf2d941c723') in 0.0199927 seconds
Number of updated asset objects reloaded before import = 0Number of asset objects unloaded after import = 4

========================================================================
Received Import Request.
  Time since last request: 0.000034 seconds.
  path: Assets/Settings/UniversalRP.asset
  artifactKey: Guid(681886c5eb7344803b6206f758bf0b1c) Importer(2089858483,192608db42251d675da83286b1cce702)
Start importing Assets/Settings/UniversalRP.asset using Guid(681886c5eb7344803b6206f758bf0b1c) Importer(2089858483,192608db42251d675da83286b1cce702) (ScriptedImporter) -> (artifact id: '563668ee348041883fca27db854be5ee') in 0.0500435 seconds
Number of updated asset objects reloaded before import = 0Number of asset objects unloaded after import = 1

========================================================================
Received Import Request.
  Time since last request: 0.000026 seconds.
  path: Assets/_Udemy Farming Assets - James Doyle/Audio/SFX/Plough.ogg
  artifactKey: Guid(3f9d15f7c48cbd24db123c2e2382ec7a) Importer(2089858483,192608db42251d675da83286b1cce702)
Start importing Assets/_Udemy Farming Assets - James Doyle/Audio/SFX/Plough.ogg using Guid(3f9d15f7c48cbd24db123c2e2382ec7a) Importer(2089858483,192608db42251d675da83286b1cce702) (ScriptedImporter) -> (artifact id: '160434788a90e0bb501fb4b4882ea271') in 0.0460019 seconds
Number of updated asset objects reloaded before import = 0Number of asset objects unloaded after import = 1

========================================================================
Received Import Request.
  Time since last request: 0.000021 seconds.
  path: Assets/_Udemy Farming Assets - James Doyle/Audio/SFX/Chest-Buy.ogg
  artifactKey: Guid(548b9c905c8129c45a93a91e775bbead) Importer(2089858483,192608db42251d675da83286b1cce702)
Start importing Assets/_Udemy Farming Assets - James Doyle/Audio/SFX/Chest-Buy.ogg using Guid(548b9c905c8129c45a93a91e775bbead) Importer(2089858483,192608db42251d675da83286b1cce702) (ScriptedImporter) -> (artifact id: '3829339f2f08e6899797d0d53dae7fd4') in 0.0461162 seconds
Number of updated asset objects reloaded before import = 0Number of asset objects unloaded after import = 1

========================================================================
Received Import Request.
  Time since last request: 0.000036 seconds.
  path: Assets/_Udemy Farming Assets - James Doyle/Audio/Music/Title Music.ogg
  artifactKey: Guid(38bb3881b0c322f4aa8e65e3bc12ffce) Importer(2089858483,192608db42251d675da83286b1cce702)
Start importing Assets/_Udemy Farming Assets - James Doyle/Audio/Music/Title Music.ogg using Guid(38bb3881b0c322f4aa8e65e3bc12ffce) Importer(2089858483,192608db42251d675da83286b1cce702) (ScriptedImporter) -> (artifact id: 'b8a5deb92685d639b9289e3f125261eb') in 0.4181029 seconds
Number of updated asset objects reloaded before import = 0Number of asset objects unloaded after import = 1

